2016-12-26 03:29:47.035 INFO  (main) [   ] o.e.j.s.Server jetty-9.3.8.v20160314
2016-12-26 03:29:47.366 INFO  (main) [   ] o.a.s.s.SolrDispatchFilter  ___      _       Welcome to Apache Solr™ version 6.3.0
2016-12-26 03:29:47.366 INFO  (main) [   ] o.a.s.s.SolrDispatchFilter / __| ___| |_ _   Starting in standalone mode on port 8983
2016-12-26 03:29:47.366 INFO  (main) [   ] o.a.s.s.SolrDispatchFilter \__ \/ _ \ | '_|  Install dir: /home/mansk/nhs/nhs_crawler/solr-6.3.0
2016-12-26 03:29:47.454 INFO  (main) [   ] o.a.s.s.SolrDispatchFilter |___/\___/_|_|    Start time: 2016-12-26T03:29:47.367Z
2016-12-26 03:29:47.455 INFO  (main) [   ] o.a.s.s.StartupLoggingUtils Property solr.log.muteconsole given. Muting ConsoleAppender named CONSOLE
2016-12-26 03:29:47.487 INFO  (main) [   ] o.a.s.c.SolrResourceLoader Using system property solr.solr.home: /home/mansk/nhs/nhs_crawler/solr-6.3.0/server/solr
2016-12-26 03:29:47.495 INFO  (main) [   ] o.a.s.c.SolrXmlConfig Loading container configuration from /home/mansk/nhs/nhs_crawler/solr-6.3.0/server/solr/solr.xml
2016-12-26 03:29:47.868 INFO  (main) [   ] o.a.s.u.UpdateShardHandler Creating UpdateShardHandler HTTP client with params: socketTimeout=600000&connTimeout=60000&retry=true
2016-12-26 03:29:47.948 INFO  (main) [   ] o.a.s.c.CorePropertiesLocator Found 1 core definitions underneath /home/mansk/nhs/nhs_crawler/solr-6.3.0/server/solr
2016-12-26 03:29:47.955 INFO  (main) [   ] o.a.s.c.CorePropertiesLocator Cores are: [nhs_conditions]
2016-12-26 03:29:47.993 INFO  (main) [   ] o.e.j.s.ServerConnector Started ServerConnector@6a8b41af{HTTP/1.1,[http/1.1]}{0.0.0.0:8983}
2016-12-26 03:29:47.994 INFO  (main) [   ] o.e.j.s.Server Started @1551ms
2016-12-26 03:29:48.035 WARN  (coreLoadExecutor-6-thread-1) [   ] o.a.s.c.SolrConfig Couldn't add files from /home/mansk/nhs/nhs_crawler/solr-6.3.0/contrib/dataimporthandler/lib filtered by .*\.jar to classpath: /home/mansk/nhs/nhs_crawler/solr-6.3.0/contrib/dataimporthandler/lib
2016-12-26 03:29:48.047 INFO  (coreLoadExecutor-6-thread-1) [   ] o.a.s.c.SolrResourceLoader [nhs_conditions] Added 52 libs to classloader, from paths: [/home/mansk/nhs/nhs_crawler/solr-6.3.0/contrib/clustering/lib, /home/mansk/nhs/nhs_crawler/solr-6.3.0/contrib/extraction/lib, /home/mansk/nhs/nhs_crawler/solr-6.3.0/contrib/langid/lib, /home/mansk/nhs/nhs_crawler/solr-6.3.0/contrib/velocity/lib, /home/mansk/nhs/nhs_crawler/solr-6.3.0/dist]
2016-12-26 03:29:48.406 INFO  (coreLoadExecutor-6-thread-1) [   ] o.a.s.c.SolrConfig Using Lucene MatchVersion: 6.3.0
2016-12-26 03:29:48.688 INFO  (coreLoadExecutor-6-thread-1) [   ] o.a.s.s.IndexSchema [nhs_conditions] Schema name=example-basic
2016-12-26 03:29:50.677 INFO  (coreLoadExecutor-6-thread-1) [   ] o.a.s.s.IndexSchema Loaded schema example-basic/1.6 with uniqueid field id
2016-12-26 03:29:51.067 INFO  (coreLoadExecutor-6-thread-1) [   ] o.a.s.c.CoreContainer Creating SolrCore 'nhs_conditions' using configuration from instancedir /home/mansk/nhs/nhs_crawler/solr-6.3.0/server/solr/nhs_conditions
2016-12-26 03:29:51.125 INFO  (coreLoadExecutor-6-thread-1) [   x:nhs_conditions] o.a.s.c.SolrCore [[nhs_conditions] ] Opening new SolrCore at [/home/mansk/nhs/nhs_crawler/solr-6.3.0/server/solr/nhs_conditions], dataDir=[/home/mansk/nhs/nhs_crawler/solr-6.3.0/server/solr/nhs_conditions/data/]
2016-12-26 03:29:51.174 INFO  (coreLoadExecutor-6-thread-1) [   x:nhs_conditions] o.a.s.r.XSLTResponseWriter xsltCacheLifetimeSeconds=5
2016-12-26 03:29:51.520 INFO  (coreLoadExecutor-6-thread-1) [   x:nhs_conditions] o.a.s.u.UpdateHandler Using UpdateLog implementation: org.apache.solr.update.UpdateLog
2016-12-26 03:29:51.520 INFO  (coreLoadExecutor-6-thread-1) [   x:nhs_conditions] o.a.s.u.UpdateLog Initializing UpdateLog: dataDir= defaultSyncLevel=FLUSH numRecordsToKeep=100 maxNumLogsToKeep=10 numVersionBuckets=65536
2016-12-26 03:29:51.567 INFO  (coreLoadExecutor-6-thread-1) [   x:nhs_conditions] o.a.s.u.CommitTracker Hard AutoCommit: if uncommited for 15000ms; 
2016-12-26 03:29:51.567 INFO  (coreLoadExecutor-6-thread-1) [   x:nhs_conditions] o.a.s.u.CommitTracker Soft AutoCommit: disabled
2016-12-26 03:29:51.707 INFO  (coreLoadExecutor-6-thread-1) [   x:nhs_conditions] o.a.s.s.SolrIndexSearcher Opening [Searcher@21d229c3[nhs_conditions] main]
2016-12-26 03:29:51.721 INFO  (coreLoadExecutor-6-thread-1) [   x:nhs_conditions] o.a.s.r.ManagedResourceStorage File-based storage initialized to use dir: /home/mansk/nhs/nhs_crawler/solr-6.3.0/server/solr/nhs_conditions/conf
2016-12-26 03:29:51.747 INFO  (coreLoadExecutor-6-thread-1) [   x:nhs_conditions] o.a.s.h.c.SpellCheckComponent Initializing spell checkers
2016-12-26 03:29:51.756 INFO  (coreLoadExecutor-6-thread-1) [   x:nhs_conditions] o.a.s.s.DirectSolrSpellChecker init: {name=default,field=_text_,classname=solr.DirectSolrSpellChecker,distanceMeasure=internal,accuracy=0.5,maxEdits=2,minPrefix=1,maxInspections=5,minQueryLength=4,maxQueryFrequency=0.01}
2016-12-26 03:29:51.761 INFO  (coreLoadExecutor-6-thread-1) [   x:nhs_conditions] o.a.s.h.c.QueryElevationComponent Loading QueryElevation from: /home/mansk/nhs/nhs_crawler/solr-6.3.0/server/solr/nhs_conditions/conf/elevate.xml
2016-12-26 03:29:51.801 INFO  (coreLoadExecutor-6-thread-1) [   x:nhs_conditions] o.a.s.h.ReplicationHandler Commits will be reserved for  10000
2016-12-26 03:29:51.841 INFO  (searcherExecutor-7-thread-1-processing-x:nhs_conditions) [   x:nhs_conditions] o.a.s.c.QuerySenderListener QuerySenderListener sending requests to Searcher@21d229c3[nhs_conditions] main{ExitableDirectoryReader(UninvertingDirectoryReader(Uninverting(_e(6.3.0):C3482)))}
2016-12-26 03:29:51.841 INFO  (searcherExecutor-7-thread-1-processing-x:nhs_conditions) [   x:nhs_conditions] o.a.s.c.QuerySenderListener QuerySenderListener done.
2016-12-26 03:29:51.841 INFO  (searcherExecutor-7-thread-1-processing-x:nhs_conditions) [   x:nhs_conditions] o.a.s.h.c.SpellCheckComponent Loading spell index for spellchecker: default
2016-12-26 03:29:51.842 INFO  (searcherExecutor-7-thread-1-processing-x:nhs_conditions) [   x:nhs_conditions] o.a.s.c.SolrCore [nhs_conditions] Registered new searcher Searcher@21d229c3[nhs_conditions] main{ExitableDirectoryReader(UninvertingDirectoryReader(Uninverting(_e(6.3.0):C3482)))}
2016-12-26 03:29:56.328 INFO  (qtp1528637575-15) [   x:nhs_conditions] o.a.s.c.S.Request [nhs_conditions]  webapp=/solr path=/select params={q=title:housing%2BOR%2B"Housing"^5+header:housing%2BOR%2B"Housing"^5+url:housing%2BOR%2B"Housing"^5+contentdata:housing%2BOR%2B"Housing"^5+anchor:housing%2BOR%2B"Housing"^5&defType=edismax&indent=c&qf=title^10+header^10+url^10+contentdata^2+anchor^5&fl=title,url,header,anchor&wt=json} hits=282 status=0 QTime=126
2016-12-26 03:34:00.083 INFO  (qtp1528637575-19) [   x:nhs_conditions] o.a.s.c.S.Request [nhs_conditions]  webapp=/solr path=/select params={q=title:housing%2BOR%2B"Housing"^5+header:housing%2BOR%2B"Housing"^5+url:housing%2BOR%2B"Housing"^5+contentdata:housing%2BOR%2B"Housing"^5+anchor:housing%2BOR%2B"Housing"^5&defType=edismax&indent=c&qf=title^10+header^10+url^10+contentdata^2+anchor^5&fl=title,url,header,anchor&wt=json} hits=282 status=0 QTime=6
2016-12-26 03:35:35.769 INFO  (qtp1528637575-20) [   x:nhs_conditions] o.a.s.c.S.Request [nhs_conditions]  webapp=/solr path=/select params={q=title:treatment%2Bheadache%2BOR%2B"treatments%2Bfor%2Bheadaches"^5+header:treatment%2Bheadache%2BOR%2B"treatments%2Bfor%2Bheadaches"^5+url:treatment%2Bheadache%2BOR%2B"treatments%2Bfor%2Bheadaches"^5+contentdata:treatment%2Bheadache%2BOR%2B"treatments%2Bfor%2Bheadaches"^5+anchor:treatment%2Bheadache%2BOR%2B"treatments%2Bfor%2Bheadaches"^5&defType=edismax&indent=c&qf=title^10+header^10+url^10+contentdata^2+anchor^5&fl=title,url,header,anchor&wt=json} hits=2002 status=0 QTime=104
